Arguments: 
  D:\Program Files\nodejs\node.exe D:\Program Files\nodejs\node_global\node_modules\yarn\bin\yarn.js add ~taro-ui/dist/style/components/checkbox.scss --silent --no-progress

PATH: 
  D:\Program Files\nodejs\node_modules\npm\node_modules\npm-lifecycle\node-gyp-bin;E:\Work\XCMG\协会\source\wxapp\node_modules\.bin;C:\Program Files (x86)\Common Files\MVS\Runtime\Win32_i86;C:\Program Files (x86)\Common Files\MVS\Runtime\Win64_x64;C:\Program Files (x86)\Common Files\Oracle\Java\javapath;C:\Program Files\Microsoft MPI\Bin\;C:\ProgramData\Oracle\Java\javapath;C:\Program Files (x86)\Intel\iCLS Client\;C:\Program Files\Intel\iCLS Client\;C:\Windows\system32;C:\Windows;C:\Windows\System32\Wbem;C:\Windows\System32\WindowsPowerShell\v1.0\;C:\Program Files (x86)\Windows Kits\8.1\Windows Performance Toolkit\;C:\Program Files (x86)\Intel\Intel(R) Management Engine Components\DAL;C:\Program Files (x86)\Intel\Intel(R) Management Engine Components\IPT;C:\WINDOWS\system32;C:\WINDOWS;C:\WINDOWS\System32\Wbem;C:\Program Files\Microsoft SQL Server\130\Tools\Binn\;C:\Program Files (x86)\Microsoft SQL Server\140\Tools\Binn\;C:\Program Files\Microsoft SQL Server\140\Tools\Binn\;C:\Program Files (x86)\Microsoft SQL Server\Microsoft SQL Server\140\DTS\Binn\;C:\Program Files\Microsoft SQL Server\140\DTS\Binn\;C:\Program Files\Microsoft SQL Server\Client SDK\ODBC\130\Tools\Binn\;C:\Program Files (x86)\Microsoft SQL Server\Client SDK\ODBC\130\Tools\Binn\;C:\Program Files (x86)\Microsoft SQL Server\140\Tools\Binn\ManagementStudio\;D:\Program Files\android-sdk-windows\tools;D:\Program Files\android-sdk-windows\tools;D:\Program Files\android-sdk-windows\platform-tools;C:\Program Files\Intel\WiFi\bin\;C:\Program Files\Common Files\Intel\WirelessCommon\;C:\WINDOWS\System32\WindowsPowerShell\v1.0\;C:\WINDOWS\System32\OpenSSH\;D:\Program Files\Microsoft VS Code\bin;C:\Program Files\dotnet\;C:\Program Files (x86)\dotnet\;D:\Program Files\mingw64\bin;C:\Program Files (x86)\NVIDIA Corporation\PhysX\Common;C:\Program Files\NVIDIA Corporation\NVIDIA NvDLISR;C:\Program Files\Microsoft SQL Server\Client SDK\ODBC\170\Tools\Binn\;D:\Program Files\nodejs\;E:\app\DELL\product\11.2.0\client_2\bin;E:\app\DELL\product\11.2.0\client_1\bin;E:\app\client\DELL\product\12.2.0\client_1\bin;E:\app\DELL\virtual\product\12.2.0\dbhome_1\bin;D:\Program Files\apache-maven-3.5.3\bin;D:\Program Files\java\jre1.8.0_191\bin;D:\Program Files\java\jdk1.8.0_191\bin;D:\Program Files\apache-tomcat-8.0.50\bin;D:\Program Files\apache-tomcat-8.0.50\lib;D:\Program Files\mysql-5.7.21\bin;D:\Program Files\TortoiseGit\bin;D:\Program Files\TortoiseSVN\bin;D:\Program Files\gradle-4.7\bin;D:\Program Files\apache-cxf-3.2.4\bin;D:\Program Files\apache-cxf-3.2.4\bin;D:\Program Files\PuTTY\;D:\Program Files\Python27;D:\Go\bin;;D:\Program Files\nodejs\node_global;D:\Program Files\Git\cmd;C:\Users\DELL\AppData\Local\Microsoft\WindowsApps;D:\Program Files\Microsoft VS Code\bin;C:\Users\DELL\.dotnet\tools;D:\Programs\Microsoft VS Code\bin;D:\Program Files\mingw64;C:\Users\DELL\go\bin;D:\Program Files\Fiddler;C:\Users\DELL\AppData\Local\Microsoft\WindowsApps;C:\Program Files\MongoDB\Server\4.2\bin;D:\Program Files\consul;C:\Users\DELL\AppData\Roaming\npm;C:\Users\DELL\.dotnet\tools

Yarn version: 
  1.22.4

Node version: 
  12.18.2

Platform: 
  win32 x64

Trace: 
  Error: https://registry.npm.taobao.org/~taro-ui%2fdist/style/components/checkbox.scss: [not_found] document not found
      at Request.params.callback [as _callback] (D:\Program Files\nodejs\node_global\node_modules\yarn\lib\cli.js:66987:18)
      at Request.self.callback (D:\Program Files\nodejs\node_global\node_modules\yarn\lib\cli.js:140748:22)
      at Request.emit (events.js:315:20)
      at Request.<anonymous> (D:\Program Files\nodejs\node_global\node_modules\yarn\lib\cli.js:141720:10)
      at Request.emit (events.js:315:20)
      at Gunzip.<anonymous> (D:\Program Files\nodejs\node_global\node_modules\yarn\lib\cli.js:141642:12)
      at Object.onceWrapper (events.js:421:28)
      at Gunzip.emit (events.js:327:22)
      at endReadableNT (_stream_readable.js:1221:12)
      at processTicksAndRejections (internal/process/task_queues.js:84:21)

npm manifest: 
  {
    "name": "agileworker-mina",
    "version": "1.0.0",
    "private": true,
    "description": "wechatmina",
    "templateInfo": {
      "name": "default",
      "typescript": true,
      "css": "less"
    },
    "scripts": {
      "build:weapp": "taro build --type weapp",
      "build:swan": "taro build --type swan",
      "build:alipay": "taro build --type alipay",
      "build:tt": "taro build --type tt",
      "build:h5": "taro build --type h5",
      "build:rn": "taro build --type rn",
      "build:qq": "taro build --type qq",
      "build:quickapp": "taro build --type quickapp",
      "dev:weapp": "npm run build:weapp -- --watch",
      "dev:swan": "npm run build:swan -- --watch",
      "dev:alipay": "npm run build:alipay -- --watch",
      "dev:tt": "npm run build:tt -- --watch",
      "dev:h5": "npm run build:h5 -- --watch",
      "dev:rn": "npm run build:rn -- --watch",
      "dev:qq": "npm run build:qq -- --watch",
      "dev:quickapp": "npm run build:quickapp -- --watch"
    },
    "author": "",
    "license": "MIT",
    "dependencies": {
      "@tarojs/async-await": "^2.2.6",
      "@tarojs/components": "2.2.6",
      "@tarojs/components-qa": "2.2.6",
      "@tarojs/redux": "2.2.6",
      "@tarojs/redux-h5": "2.2.6",
      "@tarojs/router": "2.2.6",
      "@tarojs/taro": "2.2.6",
      "@tarojs/taro-alipay": "2.2.6",
      "@tarojs/taro-h5": "2.2.6",
      "@tarojs/taro-qq": "2.2.6",
      "@tarojs/taro-quickapp": "2.2.6",
      "@tarojs/taro-swan": "2.2.6",
      "@tarojs/taro-tt": "2.2.6",
      "@tarojs/taro-weapp": "2.2.6",
      "dva-core": "^2.0.2",
      "dva-loading": "^3.0.20",
      "nerv-devtools": "^1.5.5",
      "nervjs": "^1.5.5",
      "qs": "^6.9.1",
      "redux": "^4.0.0",
      "redux-logger": "^3.0.6",
      "redux-thunk": "^2.3.0",
      "taro-ui": "^2.2.4"
    },
    "devDependencies": {
      "@tarojs/mini-runner": "2.2.6",
      "@tarojs/webpack-runner": "2.2.6",
      "@types/react": "^16.4.8",
      "@types/webpack-env": "^1.13.6",
      "@typescript-eslint/eslint-plugin": "^2.13.0",
      "@typescript-eslint/parser": "^2.13.0",
      "babel-eslint": "^8.2.3",
      "babel-plugin-transform-class-properties": "^6.24.1",
      "babel-plugin-transform-decorators-legacy": "^1.3.4",
      "babel-plugin-transform-jsx-stylesheet": "^0.6.5",
      "babel-plugin-transform-object-rest-spread": "^6.26.0",
      "babel-plugin-transform-runtime": "^6.23.0",
      "babel-preset-env": "^1.6.1",
      "eslint": "^5.16.0",
      "eslint-config-taro": "2.2.6",
      "eslint-plugin-import": "^2.12.0",
      "eslint-plugin-react": "^7.8.2",
      "eslint-plugin-react-hooks": "^1.6.1",
      "eslint-plugin-taro": "2.2.6",
      "stylelint": "9.3.0",
      "stylelint-config-taro-rn": "2.2.6",
      "stylelint-taro-rn": "2.2.6",
      "typescript": "^3.0.1"
    }
  }

yarn manifest: 
  No manifest

Lockfile: 
  No lockfile
